mode: atomic
github.com/natesales/pathvector/pkg/autodoc/documentation.go:15.42,20.2 4 3
github.com/natesales/pathvector/pkg/autodoc/documentation.go:22.31,23.33 1 0
github.com/natesales/pathvector/pkg/autodoc/documentation.go:27.2,27.10 1 0
github.com/natesales/pathvector/pkg/autodoc/documentation.go:23.33,26.3 1 0
github.com/natesales/pathvector/pkg/autodoc/documentation.go:33.34,35.2 1 7
github.com/natesales/pathvector/pkg/autodoc/documentation.go:36.39,38.2 1 9
github.com/natesales/pathvector/pkg/autodoc/documentation.go:39.44,41.2 1 13
github.com/natesales/pathvector/pkg/autodoc/documentation.go:43.55,45.12 2 7
github.com/natesales/pathvector/pkg/autodoc/documentation.go:49.2,49.29 1 7
github.com/natesales/pathvector/pkg/autodoc/documentation.go:52.2,52.36 1 7
github.com/natesales/pathvector/pkg/autodoc/documentation.go:86.2,86.12 1 7
github.com/natesales/pathvector/pkg/autodoc/documentation.go:91.2,92.39 2 7
github.com/natesales/pathvector/pkg/autodoc/documentation.go:95.2,97.44 2 7
github.com/natesales/pathvector/pkg/autodoc/documentation.go:45.12,47.3 1 0
github.com/natesales/pathvector/pkg/autodoc/documentation.go:49.29,51.3 1 6
github.com/natesales/pathvector/pkg/autodoc/documentation.go:52.36,58.22 6 191
github.com/natesales/pathvector/pkg/autodoc/documentation.go:62.3,62.24 1 191
github.com/natesales/pathvector/pkg/autodoc/documentation.go:58.22,60.4 1 50
github.com/natesales/pathvector/pkg/autodoc/documentation.go:62.24,64.4 1 0
github.com/natesales/pathvector/pkg/autodoc/documentation.go:64.9,64.32 1 191
github.com/natesales/pathvector/pkg/autodoc/documentation.go:64.32,65.56 1 160
github.com/natesales/pathvector/pkg/autodoc/documentation.go:72.4,72.14 1 160
github.com/natesales/pathvector/pkg/autodoc/documentation.go:65.56,66.79 1 7
github.com/natesales/pathvector/pkg/autodoc/documentation.go:66.79,68.6 1 5
github.com/natesales/pathvector/pkg/autodoc/documentation.go:68.11,70.6 1 2
github.com/natesales/pathvector/pkg/autodoc/documentation.go:72.14,82.5 1 0
github.com/natesales/pathvector/pkg/autodoc/documentation.go:86.12,88.3 1 0
github.com/natesales/pathvector/pkg/autodoc/documentation.go:92.39,94.3 1 6
github.com/natesales/pathvector/pkg/autodoc/documentation.go:97.44,99.3 1 6
github.com/natesales/pathvector/pkg/autodoc/documentation.go:103.34,104.12 1 1
github.com/natesales/pathvector/pkg/autodoc/documentation.go:107.2,107.62 1 1
github.com/natesales/pathvector/pkg/autodoc/documentation.go:104.12,106.3 1 0
github.com/natesales/pathvector/pkg/optimizer/optimizer.go:30.52,33.2 2 0
github.com/natesales/pathvector/pkg/optimizer/optimizer.go:36.49,41.2 3 4
github.com/natesales/pathvector/pkg/optimizer/optimizer.go:44.105,46.16 2 0
github.com/natesales/pathvector/pkg/optimizer/optimizer.go:51.2,58.16 6 0
github.com/natesales/pathvector/pkg/optimizer/optimizer.go:62.2,62.33 1 0
github.com/natesales/pathvector/pkg/optimizer/optimizer.go:46.16,48.3 1 0
github.com/natesales/pathvector/pkg/optimizer/optimizer.go:58.16,60.3 1 0
github.com/natesales/pathvector/pkg/optimizer/optimizer.go:66.129,68.17 1 0
github.com/natesales/pathvector/pkg/optimizer/optimizer.go:72.2,72.6 1 0
github.com/natesales/pathvector/pkg/optimizer/optimizer.go:68.17,70.3 1 0
github.com/natesales/pathvector/pkg/optimizer/optimizer.go:72.6,74.44 1 0
github.com/natesales/pathvector/pkg/optimizer/optimizer.go:113.3,118.27 4 0
github.com/natesales/pathvector/pkg/optimizer/optimizer.go:74.44,75.35 1 0
github.com/natesales/pathvector/pkg/optimizer/optimizer.go:75.35,76.38 1 0
github.com/natesales/pathvector/pkg/optimizer/optimizer.go:76.38,77.43 1 0
github.com/natesales/pathvector/pkg/optimizer/optimizer.go:77.43,80.21 3 0
github.com/natesales/pathvector/pkg/optimizer/optimizer.go:85.7,85.32 1 0
github.com/natesales/pathvector/pkg/optimizer/optimizer.go:89.7,96.44 3 0
github.com/natesales/pathvector/pkg/optimizer/optimizer.go:80.21,82.8 1 0
github.com/natesales/pathvector/pkg/optimizer/optimizer.go:85.32,87.8 1 0
github.com/natesales/pathvector/pkg/optimizer/optimizer.go:96.44,99.8 1 0
github.com/natesales/pathvector/pkg/optimizer/optimizer.go:99.13,101.29 1 0
github.com/natesales/pathvector/pkg/optimizer/optimizer.go:105.8,105.59 1 0
github.com/natesales/pathvector/pkg/optimizer/optimizer.go:101.29,103.9 1 0
github.com/natesales/pathvector/pkg/optimizer/optimizer.go:123.96,125.25 2 0
github.com/natesales/pathvector/pkg/optimizer/optimizer.go:125.25,126.21 1 0
github.com/natesales/pathvector/pkg/optimizer/optimizer.go:129.3,129.34 1 0
github.com/natesales/pathvector/pkg/optimizer/optimizer.go:135.3,142.50 6 0
github.com/natesales/pathvector/pkg/optimizer/optimizer.go:146.3,146.76 1 0
github.com/natesales/pathvector/pkg/optimizer/optimizer.go:152.3,152.22 1 0
github.com/natesales/pathvector/pkg/optimizer/optimizer.go:126.21,128.4 1 0
github.com/natesales/pathvector/pkg/optimizer/optimizer.go:129.34,132.4 2 0
github.com/natesales/pathvector/pkg/optimizer/optimizer.go:142.50,145.4 1 0
github.com/natesales/pathvector/pkg/optimizer/optimizer.go:146.76,149.4 1 0
github.com/natesales/pathvector/pkg/optimizer/optimizer.go:152.22,153.33 1 0
github.com/natesales/pathvector/pkg/optimizer/optimizer.go:165.4,174.5 1 0
github.com/natesales/pathvector/pkg/optimizer/optimizer.go:153.33,155.28 2 0
github.com/natesales/pathvector/pkg/optimizer/optimizer.go:155.28,160.42 4 0
github.com/natesales/pathvector/pkg/optimizer/optimizer.go:160.42,162.7 1 0
github.com/natesales/pathvector/pkg/optimizer/optimizer.go:189.3,193.16 4 0
github.com/natesales/pathvector/pkg/optimizer/optimizer.go:197.2,198.31 2 0
github.com/natesales/pathvector/pkg/optimizer/optimizer.go:215.2,217.13 2 0
github.com/natesales/pathvector/pkg/optimizer/optimizer.go:193.16,195.3 1 0
github.com/natesales/pathvector/pkg/optimizer/optimizer.go:198.31,207.72 5 0
github.com/natesales/pathvector/pkg/optimizer/optimizer.go:207.72,209.4 1 0
github.com/natesales/pathvector/pkg/optimizer/optimizer.go:209.9,211.4 1 0
github.com/natesales/pathvector/pkg/optimizer/optimizer.go:217.13,219.3 1 0
github.com/natesales/pathvector/pkg/bird/bird.go:26.45,31.16 3 2
github.com/natesales/pathvector/pkg/bird/bird.go:35.2,35.29 1 2
github.com/natesales/pathvector/pkg/bird/bird.go:31.16,33.3 1 0
github.com/natesales/pathvector/pkg/bird/bird.go:39.29,41.16 2 0
github.com/natesales/pathvector/pkg/bird/bird.go:45.2,51.19 6 0
github.com/natesales/pathvector/pkg/bird/bird.go:41.16,43.3 1 0
github.com/natesales/pathvector/pkg/bird/bird.go:55.64,58.16 3 1
github.com/natesales/pathvector/pkg/bird/bird.go:62.2,66.16 4 1
github.com/natesales/pathvector/pkg/bird/bird.go:69.2,73.53 3 1
github.com/natesales/pathvector/pkg/bird/bird.go:77.2,80.16 4 1
github.com/natesales/pathvector/pkg/bird/bird.go:84.2,86.16 3 1
github.com/natesales/pathvector/pkg/bird/bird.go:89.2,91.18 2 1
github.com/natesales/pathvector/pkg/bird/bird.go:58.16,60.3 1 0
github.com/natesales/pathvector/pkg/bird/bird.go:66.16,68.3 1 0
github.com/natesales/pathvector/pkg/bird/bird.go:73.53,75.3 1 0
github.com/natesales/pathvector/pkg/bird/bird.go:80.16,82.3 1 0
github.com/natesales/pathvector/pkg/bird/bird.go:86.16,88.3 1 0
github.com/natesales/pathvector/pkg/bird/bird.go:95.47,103.38 8 0
github.com/natesales/pathvector/pkg/bird/bird.go:154.2,154.44 1 0
github.com/natesales/pathvector/pkg/bird/bird.go:103.38,109.17 3 0
github.com/natesales/pathvector/pkg/bird/bird.go:112.3,113.12 2 0
github.com/natesales/pathvector/pkg/bird/bird.go:151.3,151.46 1 0
github.com/natesales/pathvector/pkg/bird/bird.go:109.17,111.4 1 0
github.com/natesales/pathvector/pkg/bird/bird.go:113.12,120.18 7 0
github.com/natesales/pathvector/pkg/bird/bird.go:123.4,124.18 2 0
github.com/natesales/pathvector/pkg/bird/bird.go:127.4,131.18 3 0
github.com/natesales/pathvector/pkg/bird/bird.go:134.4,138.23 4 0
github.com/natesales/pathvector/pkg/bird/bird.go:147.4,147.40 1 0
github.com/natesales/pathvector/pkg/bird/bird.go:120.18,122.5 1 0
github.com/natesales/pathvector/pkg/bird/bird.go:124.18,126.5 1 0
github.com/natesales/pathvector/pkg/bird/bird.go:131.18,133.5 1 0
github.com/natesales/pathvector/pkg/bird/bird.go:138.23,139.55 1 0
github.com/natesales/pathvector/pkg/bird/bird.go:142.5,142.26 1 0
github.com/natesales/pathvector/pkg/bird/bird.go:145.5,145.11 1 0
github.com/natesales/pathvector/pkg/bird/bird.go:139.55,141.6 1 0
github.com/natesales/pathvector/pkg/bird/bird.go:142.26,144.6 1 0
github.com/natesales/pathvector/pkg/bird/bird.go:147.40,149.5 1 0
github.com/natesales/pathvector/pkg/bird/bird.go:158.112,161.16 2 0
github.com/natesales/pathvector/pkg/bird/bird.go:164.2,164.36 1 0
github.com/natesales/pathvector/pkg/bird/bird.go:172.2,173.16 2 0
github.com/natesales/pathvector/pkg/bird/bird.go:176.2,176.26 1 0
github.com/natesales/pathvector/pkg/bird/bird.go:186.2,186.18 1 0
github.com/natesales/pathvector/pkg/bird/bird.go:161.16,163.3 1 0
github.com/natesales/pathvector/pkg/bird/bird.go:164.36,166.38 2 0
github.com/natesales/pathvector/pkg/bird/bird.go:166.38,168.4 1 0
github.com/natesales/pathvector/pkg/bird/bird.go:173.16,175.3 1 0
github.com/natesales/pathvector/pkg/bird/bird.go:176.26,181.54 5 0
github.com/natesales/pathvector/pkg/bird/bird.go:181.54,183.4 1 0
github.com/natesales/pathvector/pkg/bird/bird.go:186.18,189.17 3 0
github.com/natesales/pathvector/pkg/bird/bird.go:193.3,193.70 1 0
github.com/natesales/pathvector/pkg/bird/bird.go:189.17,191.4 1 0
github.com/natesales/pathvector/pkg/bird/bird.go:193.70,195.4 1 0
github.com/natesales/pathvector/pkg/bird/bird.go:200.36,202.50 2 0
github.com/natesales/pathvector/pkg/bird/bird.go:218.2,218.18 1 0
github.com/natesales/pathvector/pkg/bird/bird.go:202.50,203.67 1 0
github.com/natesales/pathvector/pkg/bird/bird.go:207.3,207.31 1 0
github.com/natesales/pathvector/pkg/bird/bird.go:203.67,205.4 1 0
github.com/natesales/pathvector/pkg/bird/bird.go:207.31,208.30 1 0
github.com/natesales/pathvector/pkg/bird/bird.go:213.4,213.15 1 0
github.com/natesales/pathvector/pkg/bird/bird.go:208.30,209.27 1 0
github.com/natesales/pathvector/pkg/bird/bird.go:209.27,211.6 1 0
github.com/natesales/pathvector/pkg/bird/bird.go:214.11,216.4 1 0
github.com/natesales/pathvector/pkg/templating/templating.go:29.42,32.3 1 0
github.com/natesales/pathvector/pkg/templating/templating.go:34.36,38.32 3 0
github.com/natesales/pathvector/pkg/templating/templating.go:41.3,41.15 1 0
github.com/natesales/pathvector/pkg/templating/templating.go:38.32,40.4 1 0
github.com/natesales/pathvector/pkg/templating/templating.go:44.44,47.35 2 0
github.com/natesales/pathvector/pkg/templating/templating.go:54.3,54.16 1 0
github.com/natesales/pathvector/pkg/templating/templating.go:47.35,49.28 2 0
github.com/natesales/pathvector/pkg/templating/templating.go:49.28,51.5 1 0
github.com/natesales/pathvector/pkg/templating/templating.go:57.42,60.31 2 0
github.com/natesales/pathvector/pkg/templating/templating.go:67.3,67.16 1 0
github.com/natesales/pathvector/pkg/templating/templating.go:60.31,62.24 2 0
github.com/natesales/pathvector/pkg/templating/templating.go:62.24,64.5 1 0
github.com/natesales/pathvector/pkg/templating/templating.go:70.36,73.3 1 0
github.com/natesales/pathvector/pkg/templating/templating.go:75.42,77.23 1 1
github.com/natesales/pathvector/pkg/templating/templating.go:80.3,80.29 1 1
github.com/natesales/pathvector/pkg/templating/templating.go:77.23,79.4 1 0
github.com/natesales/pathvector/pkg/templating/templating.go:83.55,85.3 1 0
github.com/natesales/pathvector/pkg/templating/templating.go:87.37,89.3 1 0
github.com/natesales/pathvector/pkg/templating/templating.go:91.52,92.19 1 0
github.com/natesales/pathvector/pkg/templating/templating.go:95.3,95.20 1 0
github.com/natesales/pathvector/pkg/templating/templating.go:92.19,94.4 1 0
github.com/natesales/pathvector/pkg/templating/templating.go:98.53,99.19 1 0
github.com/natesales/pathvector/pkg/templating/templating.go:102.3,102.20 1 0
github.com/natesales/pathvector/pkg/templating/templating.go:99.19,101.4 1 0
github.com/natesales/pathvector/pkg/templating/templating.go:105.37,106.15 1 0
github.com/natesales/pathvector/pkg/templating/templating.go:109.3,109.12 1 0
github.com/natesales/pathvector/pkg/templating/templating.go:106.15,108.4 1 0
github.com/natesales/pathvector/pkg/templating/templating.go:112.34,113.15 1 0
github.com/natesales/pathvector/pkg/templating/templating.go:116.3,116.15 1 0
github.com/natesales/pathvector/pkg/templating/templating.go:113.15,115.4 1 0
github.com/natesales/pathvector/pkg/templating/templating.go:119.31,120.15 1 0
github.com/natesales/pathvector/pkg/templating/templating.go:123.3,123.11 1 0
github.com/natesales/pathvector/pkg/templating/templating.go:120.15,122.4 1 0
github.com/natesales/pathvector/pkg/templating/templating.go:126.34,127.15 1 0
github.com/natesales/pathvector/pkg/templating/templating.go:130.3,130.11 1 0
github.com/natesales/pathvector/pkg/templating/templating.go:127.15,129.4 1 0
github.com/natesales/pathvector/pkg/templating/templating.go:133.59,134.15 1 0
github.com/natesales/pathvector/pkg/templating/templating.go:137.3,137.29 1 0
github.com/natesales/pathvector/pkg/templating/templating.go:134.15,136.4 1 0
github.com/natesales/pathvector/pkg/templating/templating.go:140.65,141.15 1 0
github.com/natesales/pathvector/pkg/templating/templating.go:144.3,144.29 1 0
github.com/natesales/pathvector/pkg/templating/templating.go:141.15,143.4 1 0
github.com/natesales/pathvector/pkg/templating/templating.go:147.46,148.15 1 0
github.com/natesales/pathvector/pkg/templating/templating.go:151.3,151.20 1 0
github.com/natesales/pathvector/pkg/templating/templating.go:148.15,150.4 1 0
github.com/natesales/pathvector/pkg/templating/templating.go:154.43,155.15 1 0
github.com/natesales/pathvector/pkg/templating/templating.go:158.3,158.12 1 0
github.com/natesales/pathvector/pkg/templating/templating.go:155.15,157.4 1 0
github.com/natesales/pathvector/pkg/templating/templating.go:162.68,165.7 3 0
github.com/natesales/pathvector/pkg/templating/templating.go:165.7,166.48 1 0
github.com/natesales/pathvector/pkg/templating/templating.go:170.4,171.7 2 0
github.com/natesales/pathvector/pkg/templating/templating.go:166.48,169.5 2 0
github.com/natesales/pathvector/pkg/templating/templating.go:175.52,177.3 1 0
github.com/natesales/pathvector/pkg/templating/templating.go:188.30,193.16 3 1
github.com/natesales/pathvector/pkg/templating/templating.go:198.2,199.16 2 1
github.com/natesales/pathvector/pkg/templating/templating.go:204.2,205.16 2 1
github.com/natesales/pathvector/pkg/templating/templating.go:210.2,211.16 2 1
github.com/natesales/pathvector/pkg/templating/templating.go:215.2,215.12 1 1
github.com/natesales/pathvector/pkg/templating/templating.go:193.16,195.3 1 0
github.com/natesales/pathvector/pkg/templating/templating.go:199.16,201.3 1 0
github.com/natesales/pathvector/pkg/templating/templating.go:205.16,207.3 1 0
github.com/natesales/pathvector/pkg/templating/templating.go:211.16,213.3 1 0
github.com/natesales/pathvector/pkg/templating/templating.go:219.90,220.24 1 2
github.com/natesales/pathvector/pkg/templating/templating.go:226.2,227.16 2 1
github.com/natesales/pathvector/pkg/templating/templating.go:232.2,233.16 2 1
github.com/natesales/pathvector/pkg/templating/templating.go:220.24,223.3 2 1
github.com/natesales/pathvector/pkg/templating/templating.go:227.16,229.3 1 0
github.com/natesales/pathvector/pkg/templating/templating.go:233.16,235.3 1 0
github.com/natesales/pathvector/pkg/templating/templating.go:239.41,243.16 3 1
github.com/natesales/pathvector/pkg/templating/templating.go:246.2,251.16 4 1
github.com/natesales/pathvector/pkg/templating/templating.go:254.2,254.39 1 1
github.com/natesales/pathvector/pkg/templating/templating.go:243.16,245.3 1 0
github.com/natesales/pathvector/pkg/templating/templating.go:251.16,253.3 1 0
github.com/natesales/pathvector/pkg/util/util.go:18.42,19.22 1 47
github.com/natesales/pathvector/pkg/util/util.go:24.2,24.14 1 7
github.com/natesales/pathvector/pkg/util/util.go:19.22,20.13 1 811
github.com/natesales/pathvector/pkg/util/util.go:20.13,22.4 1 40
github.com/natesales/pathvector/pkg/util/util.go:28.37,30.75 2 7
github.com/natesales/pathvector/pkg/util/util.go:37.2,37.38 1 7
github.com/natesales/pathvector/pkg/util/util.go:41.2,41.16 1 7
github.com/natesales/pathvector/pkg/util/util.go:30.75,31.60 1 45
github.com/natesales/pathvector/pkg/util/util.go:31.60,33.4 1 39
github.com/natesales/pathvector/pkg/util/util.go:37.38,39.3 1 1
github.com/natesales/pathvector/pkg/util/util.go:45.55,47.16 2 1
github.com/natesales/pathvector/pkg/util/util.go:50.2,52.16 3 1
github.com/natesales/pathvector/pkg/util/util.go:55.2,58.16 4 1
github.com/natesales/pathvector/pkg/util/util.go:61.2,63.16 3 1
github.com/natesales/pathvector/pkg/util/util.go:68.2,69.16 2 1
github.com/natesales/pathvector/pkg/util/util.go:72.2,73.16 2 1
github.com/natesales/pathvector/pkg/util/util.go:76.2,77.16 2 1
github.com/natesales/pathvector/pkg/util/util.go:80.2,80.12 1 1
github.com/natesales/pathvector/pkg/util/util.go:47.16,49.3 1 0
github.com/natesales/pathvector/pkg/util/util.go:52.16,54.3 1 0
github.com/natesales/pathvector/pkg/util/util.go:58.16,60.3 1 0
github.com/natesales/pathvector/pkg/util/util.go:63.16,67.3 3 0
github.com/natesales/pathvector/pkg/util/util.go:69.16,71.3 1 0
github.com/natesales/pathvector/pkg/util/util.go:73.16,75.3 1 0
github.com/natesales/pathvector/pkg/util/util.go:77.16,79.3 1 0
github.com/natesales/pathvector/pkg/util/util.go:84.58,89.36 4 0
github.com/natesales/pathvector/pkg/util/util.go:89.36,91.44 2 0
github.com/natesales/pathvector/pkg/util/util.go:91.44,93.19 2 0
github.com/natesales/pathvector/pkg/util/util.go:93.19,95.5 1 0
github.com/natesales/pathvector/pkg/util/util.go:101.51,116.2 14 1
github.com/natesales/pathvector/pkg/util/util.go:119.40,121.16 2 0
github.com/natesales/pathvector/pkg/util/util.go:124.2,124.26 1 0
github.com/natesales/pathvector/pkg/util/util.go:129.2,129.12 1 0
github.com/natesales/pathvector/pkg/util/util.go:121.16,123.3 1 0
github.com/natesales/pathvector/pkg/util/util.go:124.26,125.38 1 0
github.com/natesales/pathvector/pkg/util/util.go:125.38,127.4 1 0
github.com/natesales/pathvector/pkg/util/util.go:135.33,136.14 1 2
github.com/natesales/pathvector/pkg/util/util.go:139.2,139.11 1 1
github.com/natesales/pathvector/pkg/util/util.go:136.14,138.3 1 1
github.com/natesales/pathvector/pkg/util/util.go:142.25,144.2 1 1
github.com/natesales/pathvector/pkg/util/util.go:147.59,151.16 4 0
github.com/natesales/pathvector/pkg/util/util.go:154.2,156.16 3 0
github.com/natesales/pathvector/pkg/util/util.go:159.2,162.16 4 0
github.com/natesales/pathvector/pkg/util/util.go:165.2,167.16 3 0
github.com/natesales/pathvector/pkg/util/util.go:172.2,173.16 2 0
github.com/natesales/pathvector/pkg/util/util.go:176.2,177.16 2 0
github.com/natesales/pathvector/pkg/util/util.go:180.2,180.12 1 0
github.com/natesales/pathvector/pkg/util/util.go:151.16,153.3 1 0
github.com/natesales/pathvector/pkg/util/util.go:156.16,158.3 1 0
github.com/natesales/pathvector/pkg/util/util.go:162.16,164.3 1 0
github.com/natesales/pathvector/pkg/util/util.go:167.16,171.3 3 0
github.com/natesales/pathvector/pkg/util/util.go:173.16,175.3 1 0
github.com/natesales/pathvector/pkg/util/util.go:177.16,179.3 1 0
github.com/natesales/pathvector/pkg/util/util.go:184.44,186.16 2 0
github.com/natesales/pathvector/pkg/util/util.go:189.2,189.26 1 0
github.com/natesales/pathvector/pkg/util/util.go:194.2,194.12 1 0
github.com/natesales/pathvector/pkg/util/util.go:186.16,188.3 1 0
github.com/natesales/pathvector/pkg/util/util.go:189.26,190.43 1 0
github.com/natesales/pathvector/pkg/util/util.go:190.43,192.4 1 0
github.com/natesales/pathvector/pkg/process/process.go:32.47,36.21 3 16
github.com/natesales/pathvector/pkg/process/process.go:79.2,79.11 1 1
github.com/natesales/pathvector/pkg/process/process.go:36.21,38.17 2 7
github.com/natesales/pathvector/pkg/process/process.go:41.3,42.17 2 5
github.com/natesales/pathvector/pkg/process/process.go:46.3,46.41 1 4
github.com/natesales/pathvector/pkg/process/process.go:49.3,49.43 1 3
github.com/natesales/pathvector/pkg/process/process.go:52.3,52.20 1 2
github.com/natesales/pathvector/pkg/process/process.go:38.17,40.4 1 2
github.com/natesales/pathvector/pkg/process/process.go:42.17,44.4 1 1
github.com/natesales/pathvector/pkg/process/process.go:46.41,48.4 1 1
github.com/natesales/pathvector/pkg/process/process.go:49.43,51.4 1 1
github.com/natesales/pathvector/pkg/process/process.go:53.8,53.28 1 9
github.com/natesales/pathvector/pkg/process/process.go:53.28,55.17 2 8
github.com/natesales/pathvector/pkg/process/process.go:58.3,59.17 2 7
github.com/natesales/pathvector/pkg/process/process.go:62.3,63.17 2 6
github.com/natesales/pathvector/pkg/process/process.go:67.3,67.46 1 5
github.com/natesales/pathvector/pkg/process/process.go:70.3,70.48 1 4
github.com/natesales/pathvector/pkg/process/process.go:73.3,73.46 1 3
github.com/natesales/pathvector/pkg/process/process.go:76.3,76.17 1 2
github.com/natesales/pathvector/pkg/process/process.go:55.17,57.4 1 1
github.com/natesales/pathvector/pkg/process/process.go:59.17,61.4 1 1
github.com/natesales/pathvector/pkg/process/process.go:63.17,65.4 1 1
github.com/natesales/pathvector/pkg/process/process.go:67.46,69.4 1 1
github.com/natesales/pathvector/pkg/process/process.go:70.48,72.4 1 1
github.com/natesales/pathvector/pkg/process/process.go:73.46,75.4 1 1
github.com/natesales/pathvector/pkg/process/process.go:82.64,84.30 2 0
github.com/natesales/pathvector/pkg/process/process.go:87.2,88.36 2 0
github.com/natesales/pathvector/pkg/process/process.go:100.2,100.11 1 0
github.com/natesales/pathvector/pkg/process/process.go:84.30,86.3 1 0
github.com/natesales/pathvector/pkg/process/process.go:88.36,90.17 2 0
github.com/natesales/pathvector/pkg/process/process.go:90.17,93.23 3 0
github.com/natesales/pathvector/pkg/process/process.go:93.23,97.5 3 0
github.com/natesales/pathvector/pkg/process/process.go:104.54,109.61 4 8
github.com/natesales/pathvector/pkg/process/process.go:113.2,114.44 2 7
github.com/natesales/pathvector/pkg/process/process.go:119.2,119.54 1 6
github.com/natesales/pathvector/pkg/process/process.go:126.2,126.22 1 6
github.com/natesales/pathvector/pkg/process/process.go:134.2,134.12 1 6
github.com/natesales/pathvector/pkg/process/process.go:138.2,138.18 1 6
github.com/natesales/pathvector/pkg/process/process.go:141.2,141.16 1 6
github.com/natesales/pathvector/pkg/process/process.go:145.2,145.42 1 6
github.com/natesales/pathvector/pkg/process/process.go:259.2,259.36 1 6
github.com/natesales/pathvector/pkg/process/process.go:273.2,277.36 3 5
github.com/natesales/pathvector/pkg/process/process.go:296.2,296.32 1 5
github.com/natesales/pathvector/pkg/process/process.go:315.2,315.31 1 5
github.com/natesales/pathvector/pkg/process/process.go:335.2,335.48 1 5
github.com/natesales/pathvector/pkg/process/process.go:360.2,360.56 1 4
github.com/natesales/pathvector/pkg/process/process.go:368.2,368.47 1 4
github.com/natesales/pathvector/pkg/process/process.go:394.2,394.23 1 2
github.com/natesales/pathvector/pkg/process/process.go:407.2,407.35 1 2
github.com/natesales/pathvector/pkg/process/process.go:517.2,517.45 1 2
github.com/natesales/pathvector/pkg/process/process.go:521.2,521.16 1 2
github.com/natesales/pathvector/pkg/process/process.go:109.61,111.3 1 1
github.com/natesales/pathvector/pkg/process/process.go:114.44,116.3 1 1
github.com/natesales/pathvector/pkg/process/process.go:119.54,120.67 1 1
github.com/natesales/pathvector/pkg/process/process.go:120.67,122.4 1 0
github.com/natesales/pathvector/pkg/process/process.go:126.22,128.17 2 6
github.com/natesales/pathvector/pkg/process/process.go:131.3,131.24 1 6
github.com/natesales/pathvector/pkg/process/process.go:128.17,130.4 1 0
github.com/natesales/pathvector/pkg/process/process.go:134.12,137.3 2 0
github.com/natesales/pathvector/pkg/process/process.go:138.18,140.3 1 0
github.com/natesales/pathvector/pkg/process/process.go:141.16,143.3 1 0
github.com/natesales/pathvector/pkg/process/process.go:145.42,150.49 2 4
github.com/natesales/pathvector/pkg/process/process.go:154.3,154.68 1 4
github.com/natesales/pathvector/pkg/process/process.go:158.3,161.59 2 4
github.com/natesales/pathvector/pkg/process/process.go:190.3,192.53 3 4
github.com/natesales/pathvector/pkg/process/process.go:237.3,237.38 1 4
github.com/natesales/pathvector/pkg/process/process.go:240.3,240.39 1 4
github.com/natesales/pathvector/pkg/process/process.go:243.3,243.38 1 4
github.com/natesales/pathvector/pkg/process/process.go:246.3,246.32 1 4
github.com/natesales/pathvector/pkg/process/process.go:249.3,249.37 1 4
github.com/natesales/pathvector/pkg/process/process.go:253.3,253.74 1 4
github.com/natesales/pathvector/pkg/process/process.go:150.49,152.4 1 0
github.com/natesales/pathvector/pkg/process/process.go:154.68,156.4 1 0
github.com/natesales/pathvector/pkg/process/process.go:161.59,163.23 2 2
github.com/natesales/pathvector/pkg/process/process.go:163.23,165.5 1 0
github.com/natesales/pathvector/pkg/process/process.go:165.10,170.55 4 2
github.com/natesales/pathvector/pkg/process/process.go:170.55,173.33 3 202
github.com/natesales/pathvector/pkg/process/process.go:173.33,178.64 5 200
github.com/natesales/pathvector/pkg/process/process.go:183.7,183.196 1 200
github.com/natesales/pathvector/pkg/process/process.go:178.64,181.8 1 3
github.com/natesales/pathvector/pkg/process/process.go:192.53,196.27 4 404
github.com/natesales/pathvector/pkg/process/process.go:196.27,198.5 1 0
github.com/natesales/pathvector/pkg/process/process.go:198.10,198.35 1 404
github.com/natesales/pathvector/pkg/process/process.go:198.35,200.27 2 220
github.com/natesales/pathvector/pkg/process/process.go:200.27,202.26 2 209
github.com/natesales/pathvector/pkg/process/process.go:203.26,205.54 2 12
github.com/natesales/pathvector/pkg/process/process.go:206.23,208.21 2 21
github.com/natesales/pathvector/pkg/process/process.go:211.7,212.56 2 21
github.com/natesales/pathvector/pkg/process/process.go:213.24,216.21 3 176
github.com/natesales/pathvector/pkg/process/process.go:219.7,220.52 2 176
github.com/natesales/pathvector/pkg/process/process.go:221.41,221.41 0 0
github.com/natesales/pathvector/pkg/process/process.go:223.14,224.75 1 0
github.com/natesales/pathvector/pkg/process/process.go:208.21,210.8 1 0
github.com/natesales/pathvector/pkg/process/process.go:216.21,218.8 1 0
github.com/natesales/pathvector/pkg/process/process.go:226.11,228.71 1 11
github.com/natesales/pathvector/pkg/process/process.go:228.71,230.7 1 4
github.com/natesales/pathvector/pkg/process/process.go:232.10,234.5 1 184
github.com/natesales/pathvector/pkg/process/process.go:237.38,239.4 1 0
github.com/natesales/pathvector/pkg/process/process.go:240.39,242.4 1 0
github.com/natesales/pathvector/pkg/process/process.go:243.38,245.4 1 0
github.com/natesales/pathvector/pkg/process/process.go:246.32,248.4 1 0
github.com/natesales/pathvector/pkg/process/process.go:249.37,251.4 1 0
github.com/natesales/pathvector/pkg/process/process.go:253.74,255.4 1 0
github.com/natesales/pathvector/pkg/process/process.go:259.36,261.17 2 3
github.com/natesales/pathvector/pkg/process/process.go:265.3,265.23 1 2
github.com/natesales/pathvector/pkg/process/process.go:261.17,263.4 1 1
github.com/natesales/pathvector/pkg/process/process.go:265.23,267.4 1 1
github.com/natesales/pathvector/pkg/process/process.go:267.9,269.4 1 1
github.com/natesales/pathvector/pkg/process/process.go:277.36,278.53 1 0
github.com/natesales/pathvector/pkg/process/process.go:278.53,280.35 2 0
github.com/natesales/pathvector/pkg/process/process.go:280.35,281.47 1 0
github.com/natesales/pathvector/pkg/process/process.go:284.5,284.89 1 0
github.com/natesales/pathvector/pkg/process/process.go:281.47,283.6 1 0
github.com/natesales/pathvector/pkg/process/process.go:285.10,285.39 1 0
github.com/natesales/pathvector/pkg/process/process.go:285.39,286.44 1 0
github.com/natesales/pathvector/pkg/process/process.go:289.5,289.113 1 0
github.com/natesales/pathvector/pkg/process/process.go:286.44,288.6 1 0
github.com/natesales/pathvector/pkg/process/process.go:290.10,292.5 1 0
github.com/natesales/pathvector/pkg/process/process.go:296.32,297.49 1 0
github.com/natesales/pathvector/pkg/process/process.go:297.49,299.35 2 0
github.com/natesales/pathvector/pkg/process/process.go:299.35,300.43 1 0
github.com/natesales/pathvector/pkg/process/process.go:303.5,303.111 1 0
github.com/natesales/pathvector/pkg/process/process.go:300.43,302.6 1 0
github.com/natesales/pathvector/pkg/process/process.go:304.10,304.39 1 0
github.com/natesales/pathvector/pkg/process/process.go:304.39,305.40 1 0
github.com/natesales/pathvector/pkg/process/process.go:308.5,308.105 1 0
github.com/natesales/pathvector/pkg/process/process.go:305.40,307.6 1 0
github.com/natesales/pathvector/pkg/process/process.go:309.10,311.5 1 0
github.com/natesales/pathvector/pkg/process/process.go:315.31,316.48 1 0
github.com/natesales/pathvector/pkg/process/process.go:316.48,318.35 2 0
github.com/natesales/pathvector/pkg/process/process.go:318.35,319.42 1 0
github.com/natesales/pathvector/pkg/process/process.go:322.5,322.109 1 0
github.com/natesales/pathvector/pkg/process/process.go:319.42,321.6 1 0
github.com/natesales/pathvector/pkg/process/process.go:323.10,323.39 1 0
github.com/natesales/pathvector/pkg/process/process.go:323.39,324.39 1 0
github.com/natesales/pathvector/pkg/process/process.go:327.5,327.103 1 0
github.com/natesales/pathvector/pkg/process/process.go:324.39,326.6 1 0
github.com/natesales/pathvector/pkg/process/process.go:328.10,330.5 1 0
github.com/natesales/pathvector/pkg/process/process.go:335.48,338.37 2 3
github.com/natesales/pathvector/pkg/process/process.go:344.3,345.17 2 3
github.com/natesales/pathvector/pkg/process/process.go:348.3,348.37 1 2
github.com/natesales/pathvector/pkg/process/process.go:352.3,352.23 1 2
github.com/natesales/pathvector/pkg/process/process.go:338.37,340.4 1 0
github.com/natesales/pathvector/pkg/process/process.go:340.9,342.4 1 3
github.com/natesales/pathvector/pkg/process/process.go:345.17,347.4 1 1
github.com/natesales/pathvector/pkg/process/process.go:348.37,350.4 1 0
github.com/natesales/pathvector/pkg/process/process.go:352.23,354.4 1 1
github.com/natesales/pathvector/pkg/process/process.go:354.9,356.4 1 1
github.com/natesales/pathvector/pkg/process/process.go:360.56,361.48 1 0
github.com/natesales/pathvector/pkg/process/process.go:364.3,364.57 1 0
github.com/natesales/pathvector/pkg/process/process.go:361.48,363.4 1 0
github.com/natesales/pathvector/pkg/process/process.go:368.47,370.41 1 4
github.com/natesales/pathvector/pkg/process/process.go:384.3,384.38 1 3
github.com/natesales/pathvector/pkg/process/process.go:370.41,372.18 2 7
github.com/natesales/pathvector/pkg/process/process.go:376.4,376.23 1 6
github.com/natesales/pathvector/pkg/process/process.go:372.18,374.5 1 1
github.com/natesales/pathvector/pkg/process/process.go:376.23,378.5 1 3
github.com/natesales/pathvector/pkg/process/process.go:378.10,380.5 1 3
github.com/natesales/pathvector/pkg/process/process.go:384.38,386.4 1 1
github.com/natesales/pathvector/pkg/process/process.go:386.9,386.44 1 2
github.com/natesales/pathvector/pkg/process/process.go:386.44,388.4 1 1
github.com/natesales/pathvector/pkg/process/process.go:388.9,390.4 1 1
github.com/natesales/pathvector/pkg/process/process.go:394.23,396.31 2 2
github.com/natesales/pathvector/pkg/process/process.go:399.3,401.17 3 2
github.com/natesales/pathvector/pkg/process/process.go:404.3,404.34 1 2
github.com/natesales/pathvector/pkg/process/process.go:396.31,398.4 1 0
github.com/natesales/pathvector/pkg/process/process.go:401.17,403.4 1 0
github.com/natesales/pathvector/pkg/process/process.go:407.35,409.31 1 4
github.com/natesales/pathvector/pkg/process/process.go:433.3,433.40 1 4
github.com/natesales/pathvector/pkg/process/process.go:452.3,452.40 1 4
github.com/natesales/pathvector/pkg/process/process.go:470.3,470.42 1 4
github.com/natesales/pathvector/pkg/process/process.go:489.3,489.40 1 4
github.com/natesales/pathvector/pkg/process/process.go:510.3,510.58 1 4
github.com/natesales/pathvector/pkg/process/process.go:409.31,410.46 1 0
github.com/natesales/pathvector/pkg/process/process.go:410.46,412.19 2 0
github.com/natesales/pathvector/pkg/process/process.go:416.5,416.25 1 0
github.com/natesales/pathvector/pkg/process/process.go:412.19,414.6 1 0
github.com/natesales/pathvector/pkg/process/process.go:416.25,417.36 1 0
github.com/natesales/pathvector/pkg/process/process.go:420.6,421.36 2 0
github.com/natesales/pathvector/pkg/process/process.go:417.36,419.7 1 0
github.com/natesales/pathvector/pkg/process/process.go:422.11,423.36 1 0
github.com/natesales/pathvector/pkg/process/process.go:426.6,427.36 2 0
github.com/natesales/pathvector/pkg/process/process.go:423.36,425.7 1 0
github.com/natesales/pathvector/pkg/process/process.go:433.40,434.58 1 0
github.com/natesales/pathvector/pkg/process/process.go:434.58,436.36 2 0
github.com/natesales/pathvector/pkg/process/process.go:436.36,437.51 1 0
github.com/natesales/pathvector/pkg/process/process.go:440.6,440.128 1 0
github.com/natesales/pathvector/pkg/process/process.go:437.51,439.7 1 0
github.com/natesales/pathvector/pkg/process/process.go:441.11,441.40 1 0
github.com/natesales/pathvector/pkg/process/process.go:441.40,442.48 1 0
github.com/natesales/pathvector/pkg/process/process.go:445.6,445.122 1 0
github.com/natesales/pathvector/pkg/process/process.go:442.48,444.7 1 0
github.com/natesales/pathvector/pkg/process/process.go:446.11,448.6 1 0
github.com/natesales/pathvector/pkg/process/process.go:452.40,453.58 1 0
github.com/natesales/pathvector/pkg/process/process.go:453.58,455.36 2 0
github.com/natesales/pathvector/pkg/process/process.go:455.36,456.51 1 0
github.com/natesales/pathvector/pkg/process/process.go:459.6,459.98 1 0
github.com/natesales/pathvector/pkg/process/process.go:456.51,458.7 1 0
github.com/natesales/pathvector/pkg/process/process.go:460.11,460.40 1 0
github.com/natesales/pathvector/pkg/process/process.go:460.40,461.48 1 0
github.com/natesales/pathvector/pkg/process/process.go:464.6,464.122 1 0
github.com/natesales/pathvector/pkg/process/process.go:461.48,463.7 1 0
github.com/natesales/pathvector/pkg/process/process.go:465.11,467.6 1 0
github.com/natesales/pathvector/pkg/process/process.go:470.42,471.60 1 0
github.com/natesales/pathvector/pkg/process/process.go:471.60,474.36 2 0
github.com/natesales/pathvector/pkg/process/process.go:474.36,475.53 1 0
github.com/natesales/pathvector/pkg/process/process.go:478.6,478.102 1 0
github.com/natesales/pathvector/pkg/process/process.go:475.53,477.7 1 0
github.com/natesales/pathvector/pkg/process/process.go:479.11,479.40 1 0
github.com/natesales/pathvector/pkg/process/process.go:479.40,480.50 1 0
github.com/natesales/pathvector/pkg/process/process.go:483.6,483.126 1 0
github.com/natesales/pathvector/pkg/process/process.go:480.50,482.7 1 0
github.com/natesales/pathvector/pkg/process/process.go:484.11,486.6 1 0
github.com/natesales/pathvector/pkg/process/process.go:489.40,490.58 1 0
github.com/natesales/pathvector/pkg/process/process.go:490.58,493.36 2 0
github.com/natesales/pathvector/pkg/process/process.go:493.36,494.51 1 0
github.com/natesales/pathvector/pkg/process/process.go:497.6,497.98 1 0
github.com/natesales/pathvector/pkg/process/process.go:494.51,496.7 1 0
github.com/natesales/pathvector/pkg/process/process.go:498.11,498.40 1 0
github.com/natesales/pathvector/pkg/process/process.go:498.40,499.48 1 0
github.com/natesales/pathvector/pkg/process/process.go:502.6,502.122 1 0
github.com/natesales/pathvector/pkg/process/process.go:499.48,501.7 1 0
github.com/natesales/pathvector/pkg/process/process.go:503.11,505.6 1 0
github.com/natesales/pathvector/pkg/process/process.go:510.58,513.4 1 3
github.com/natesales/pathvector/pkg/process/process.go:517.45,519.3 1 0
github.com/natesales/pathvector/pkg/process/process.go:525.89,531.55 3 0
github.com/natesales/pathvector/pkg/process/process.go:538.2,538.25 1 0
github.com/natesales/pathvector/pkg/process/process.go:543.2,543.32 1 0
github.com/natesales/pathvector/pkg/process/process.go:556.2,556.96 1 0
github.com/natesales/pathvector/pkg/process/process.go:560.2,565.16 4 0
github.com/natesales/pathvector/pkg/process/process.go:570.2,573.16 4 0
github.com/natesales/pathvector/pkg/process/process.go:578.2,578.85 1 0
github.com/natesales/pathvector/pkg/process/process.go:582.2,582.43 1 0
github.com/natesales/pathvector/pkg/process/process.go:531.55,535.3 2 0
github.com/natesales/pathvector/pkg/process/process.go:538.25,539.90 1 0
github.com/natesales/pathvector/pkg/process/process.go:539.90,541.4 1 0
github.com/natesales/pathvector/pkg/process/process.go:543.32,545.17 2 0
github.com/natesales/pathvector/pkg/process/process.go:548.3,548.35 1 0
github.com/natesales/pathvector/pkg/process/process.go:545.17,547.4 1 0
github.com/natesales/pathvector/pkg/process/process.go:548.35,550.4 1 0
github.com/natesales/pathvector/pkg/process/process.go:550.9,554.4 3 0
github.com/natesales/pathvector/pkg/process/process.go:556.96,558.3 1 0
github.com/natesales/pathvector/pkg/process/process.go:565.16,567.3 1 0
github.com/natesales/pathvector/pkg/process/process.go:573.16,575.3 1 0
github.com/natesales/pathvector/pkg/process/process.go:578.85,580.3 1 0
github.com/natesales/pathvector/pkg/process/process.go:586.88,588.20 1 0
github.com/natesales/pathvector/pkg/process/process.go:603.2,609.16 5 0
github.com/natesales/pathvector/pkg/process/process.go:612.2,613.16 2 0
github.com/natesales/pathvector/pkg/process/process.go:616.2,619.17 2 0
github.com/natesales/pathvector/pkg/process/process.go:628.2,630.16 3 0
github.com/natesales/pathvector/pkg/process/process.go:633.2,637.73 3 0
github.com/natesales/pathvector/pkg/process/process.go:642.2,644.16 3 0
github.com/natesales/pathvector/pkg/process/process.go:647.2,652.16 4 0
github.com/natesales/pathvector/pkg/process/process.go:655.2,658.89 2 0
github.com/natesales/pathvector/pkg/process/process.go:663.2,663.104 1 0
github.com/natesales/pathvector/pkg/process/process.go:668.2,668.85 1 0
github.com/natesales/pathvector/pkg/process/process.go:673.2,675.14 2 0
github.com/natesales/pathvector/pkg/process/process.go:681.2,683.42 3 0
github.com/natesales/pathvector/pkg/process/process.go:687.2,692.13 3 0
github.com/natesales/pathvector/pkg/process/process.go:705.2,705.20 1 0
github.com/natesales/pathvector/pkg/process/process.go:711.2,711.95 1 0
github.com/natesales/pathvector/pkg/process/process.go:588.20,589.46 1 0
github.com/natesales/pathvector/pkg/process/process.go:589.46,591.4 1 0
github.com/natesales/pathvector/pkg/process/process.go:591.9,591.32 1 0
github.com/natesales/pathvector/pkg/process/process.go:591.32,595.67 2 0
github.com/natesales/pathvector/pkg/process/process.go:595.67,597.5 1 0
github.com/natesales/pathvector/pkg/process/process.go:598.9,600.4 1 0
github.com/natesales/pathvector/pkg/process/process.go:609.16,611.3 1 0
github.com/natesales/pathvector/pkg/process/process.go:613.16,615.3 1 0
github.com/natesales/pathvector/pkg/process/process.go:619.17,622.17 3 0
github.com/natesales/pathvector/pkg/process/process.go:622.17,624.4 1 0
github.com/natesales/pathvector/pkg/process/process.go:630.16,632.3 1 0
github.com/natesales/pathvector/pkg/process/process.go:637.73,639.3 1 0
github.com/natesales/pathvector/pkg/process/process.go:644.16,646.3 1 0
github.com/natesales/pathvector/pkg/process/process.go:652.16,654.3 1 0
github.com/natesales/pathvector/pkg/process/process.go:658.89,660.3 1 0
github.com/natesales/pathvector/pkg/process/process.go:663.104,665.3 1 0
github.com/natesales/pathvector/pkg/process/process.go:668.85,670.3 1 0
github.com/natesales/pathvector/pkg/process/process.go:675.14,678.3 2 0
github.com/natesales/pathvector/pkg/process/process.go:683.42,686.3 2 0
github.com/natesales/pathvector/pkg/process/process.go:692.13,696.24 2 0
github.com/natesales/pathvector/pkg/process/process.go:701.3,701.93 1 0
github.com/natesales/pathvector/pkg/process/process.go:696.24,699.4 2 0
github.com/natesales/pathvector/pkg/process/process.go:705.20,706.45 1 0
github.com/natesales/pathvector/pkg/process/process.go:706.45,708.4 1 0
github.com/natesales/pathvector/pkg/match/match.go:12.94,14.16 2 1
github.com/natesales/pathvector/pkg/match/match.go:17.2,18.16 2 1
github.com/natesales/pathvector/pkg/match/match.go:22.2,23.16 2 1
github.com/natesales/pathvector/pkg/match/match.go:27.2,28.31 2 1
github.com/natesales/pathvector/pkg/match/match.go:54.2,54.12 1 1
github.com/natesales/pathvector/pkg/match/match.go:14.16,16.3 1 0
github.com/natesales/pathvector/pkg/match/match.go:18.16,20.3 1 0
github.com/natesales/pathvector/pkg/match/match.go:23.16,25.3 1 0
github.com/natesales/pathvector/pkg/match/match.go:28.31,29.32 1 10
github.com/natesales/pathvector/pkg/match/match.go:29.32,30.34 1 3040
github.com/natesales/pathvector/pkg/match/match.go:30.34,31.20 1 3
github.com/natesales/pathvector/pkg/match/match.go:31.20,42.6 1 3
github.com/natesales/pathvector/pkg/match/match.go:42.11,50.6 1 0
github.com/natesales/pathvector/pkg/peeringdb/peeringdb.go:61.79,65.18 3 5
github.com/natesales/pathvector/pkg/peeringdb/peeringdb.go:73.2,73.16 1 5
github.com/natesales/pathvector/pkg/peeringdb/peeringdb.go:77.2,78.16 2 5
github.com/natesales/pathvector/pkg/peeringdb/peeringdb.go:82.2,82.27 1 5
github.com/natesales/pathvector/pkg/peeringdb/peeringdb.go:86.2,86.27 1 3
github.com/natesales/pathvector/pkg/peeringdb/peeringdb.go:90.2,90.21 1 3
github.com/natesales/pathvector/pkg/peeringdb/peeringdb.go:95.2,96.16 2 3
github.com/natesales/pathvector/pkg/peeringdb/peeringdb.go:100.2,101.59 2 3
github.com/natesales/pathvector/pkg/peeringdb/peeringdb.go:105.2,105.31 1 3
github.com/natesales/pathvector/pkg/peeringdb/peeringdb.go:109.2,109.34 1 3
github.com/natesales/pathvector/pkg/peeringdb/peeringdb.go:65.18,67.3 1 0
github.com/natesales/pathvector/pkg/peeringdb/peeringdb.go:67.8,68.43 1 5
github.com/natesales/pathvector/pkg/peeringdb/peeringdb.go:68.43,70.4 1 0
github.com/natesales/pathvector/pkg/peeringdb/peeringdb.go:73.16,75.3 1 0
github.com/natesales/pathvector/pkg/peeringdb/peeringdb.go:78.16,80.3 1 0
github.com/natesales/pathvector/pkg/peeringdb/peeringdb.go:82.27,84.3 1 2
github.com/natesales/pathvector/pkg/peeringdb/peeringdb.go:86.27,88.3 1 0
github.com/natesales/pathvector/pkg/peeringdb/peeringdb.go:90.21,93.3 1 3
github.com/natesales/pathvector/pkg/peeringdb/peeringdb.go:96.16,98.3 1 0
github.com/natesales/pathvector/pkg/peeringdb/peeringdb.go:101.59,103.3 1 0
github.com/natesales/pathvector/pkg/peeringdb/peeringdb.go:105.31,107.3 1 0
github.com/natesales/pathvector/pkg/peeringdb/peeringdb.go:113.94,114.15 1 7
github.com/natesales/pathvector/pkg/peeringdb/peeringdb.go:114.15,116.3 1 0
github.com/natesales/pathvector/pkg/peeringdb/peeringdb.go:116.8,119.19 3 7
github.com/natesales/pathvector/pkg/peeringdb/peeringdb.go:122.3,122.31 1 7
github.com/natesales/pathvector/pkg/peeringdb/peeringdb.go:130.3,130.25 1 5
github.com/natesales/pathvector/pkg/peeringdb/peeringdb.go:119.19,121.4 1 1
github.com/natesales/pathvector/pkg/peeringdb/peeringdb.go:122.31,124.18 2 5
github.com/natesales/pathvector/pkg/peeringdb/peeringdb.go:127.4,127.18 1 3
github.com/natesales/pathvector/pkg/peeringdb/peeringdb.go:124.18,126.5 1 2
github.com/natesales/pathvector/pkg/peeringdb/peeringdb.go:135.85,137.16 2 2
github.com/natesales/pathvector/pkg/peeringdb/peeringdb.go:142.2,142.32 1 2
github.com/natesales/pathvector/pkg/peeringdb/peeringdb.go:155.2,155.50 1 2
github.com/natesales/pathvector/pkg/peeringdb/peeringdb.go:137.16,139.3 1 0
github.com/natesales/pathvector/pkg/peeringdb/peeringdb.go:142.32,146.32 3 1
github.com/natesales/pathvector/pkg/peeringdb/peeringdb.go:149.3,149.32 1 1
github.com/natesales/pathvector/pkg/peeringdb/peeringdb.go:146.32,148.4 1 0
github.com/natesales/pathvector/pkg/peeringdb/peeringdb.go:149.32,151.4 1 0
github.com/natesales/pathvector/pkg/peeringdb/peeringdb.go:155.50,156.26 1 1
github.com/natesales/pathvector/pkg/peeringdb/peeringdb.go:162.3,163.32 2 1
github.com/natesales/pathvector/pkg/peeringdb/peeringdb.go:156.26,159.4 2 0
github.com/natesales/pathvector/pkg/peeringdb/peeringdb.go:168.79,171.16 3 1
github.com/natesales/pathvector/pkg/peeringdb/peeringdb.go:175.2,175.18 1 1
github.com/natesales/pathvector/pkg/peeringdb/peeringdb.go:183.2,184.16 2 1
github.com/natesales/pathvector/pkg/peeringdb/peeringdb.go:187.2,187.27 1 1
github.com/natesales/pathvector/pkg/peeringdb/peeringdb.go:190.2,190.21 1 0
github.com/natesales/pathvector/pkg/peeringdb/peeringdb.go:195.2,196.16 2 0
github.com/natesales/pathvector/pkg/peeringdb/peeringdb.go:200.2,201.59 2 0
github.com/natesales/pathvector/pkg/peeringdb/peeringdb.go:205.2,206.40 2 0
github.com/natesales/pathvector/pkg/peeringdb/peeringdb.go:210.2,210.18 1 0
github.com/natesales/pathvector/pkg/peeringdb/peeringdb.go:171.16,173.3 1 0
github.com/natesales/pathvector/pkg/peeringdb/peeringdb.go:175.18,177.3 1 0
github.com/natesales/pathvector/pkg/peeringdb/peeringdb.go:177.8,178.43 1 1
github.com/natesales/pathvector/pkg/peeringdb/peeringdb.go:178.43,180.4 1 0
github.com/natesales/pathvector/pkg/peeringdb/peeringdb.go:184.16,186.3 1 0
github.com/natesales/pathvector/pkg/peeringdb/peeringdb.go:187.27,189.3 1 1
github.com/natesales/pathvector/pkg/peeringdb/peeringdb.go:190.21,193.3 1 0
github.com/natesales/pathvector/pkg/peeringdb/peeringdb.go:196.16,198.3 1 0
github.com/natesales/pathvector/pkg/peeringdb/peeringdb.go:201.59,203.3 1 0
github.com/natesales/pathvector/pkg/peeringdb/peeringdb.go:206.40,208.3 1 0
github.com/natesales/pathvector/pkg/peeringdb/peeringdb.go:214.89,217.16 3 0
github.com/natesales/pathvector/pkg/peeringdb/peeringdb.go:221.2,221.18 1 0
github.com/natesales/pathvector/pkg/peeringdb/peeringdb.go:229.2,230.16 2 0
github.com/natesales/pathvector/pkg/peeringdb/peeringdb.go:233.2,233.27 1 0
github.com/natesales/pathvector/pkg/peeringdb/peeringdb.go:236.2,236.21 1 0
github.com/natesales/pathvector/pkg/peeringdb/peeringdb.go:241.2,242.16 2 0
github.com/natesales/pathvector/pkg/peeringdb/peeringdb.go:246.2,247.59 2 0
github.com/natesales/pathvector/pkg/peeringdb/peeringdb.go:251.2,251.31 1 0
github.com/natesales/pathvector/pkg/peeringdb/peeringdb.go:255.2,255.30 1 0
github.com/natesales/pathvector/pkg/peeringdb/peeringdb.go:217.16,219.3 1 0
github.com/natesales/pathvector/pkg/peeringdb/peeringdb.go:221.18,223.3 1 0
github.com/natesales/pathvector/pkg/peeringdb/peeringdb.go:223.8,224.43 1 0
github.com/natesales/pathvector/pkg/peeringdb/peeringdb.go:224.43,226.4 1 0
github.com/natesales/pathvector/pkg/peeringdb/peeringdb.go:230.16,232.3 1 0
github.com/natesales/pathvector/pkg/peeringdb/peeringdb.go:233.27,235.3 1 0
github.com/natesales/pathvector/pkg/peeringdb/peeringdb.go:236.21,239.3 1 0
github.com/natesales/pathvector/pkg/peeringdb/peeringdb.go:242.16,244.3 1 0
github.com/natesales/pathvector/pkg/peeringdb/peeringdb.go:247.59,249.3 1 0
github.com/natesales/pathvector/pkg/peeringdb/peeringdb.go:251.31,253.3 1 0
github.com/natesales/pathvector/pkg/peeringdb/peeringdb.go:259.41,263.35 2 4
github.com/natesales/pathvector/pkg/peeringdb/peeringdb.go:269.2,269.36 1 4
github.com/natesales/pathvector/pkg/peeringdb/peeringdb.go:274.2,274.15 1 4
github.com/natesales/pathvector/pkg/peeringdb/peeringdb.go:263.35,266.3 2 1
github.com/natesales/pathvector/pkg/peeringdb/peeringdb.go:269.36,272.3 2 2
github.com/natesales/pathvector/pkg/irr/irr.go:17.116,20.20 2 6
github.com/natesales/pathvector/pkg/irr/irr.go:23.2,29.16 6 6
github.com/natesales/pathvector/pkg/irr/irr.go:33.2,34.59 2 5
github.com/natesales/pathvector/pkg/irr/irr.go:45.2,45.22 1 5
github.com/natesales/pathvector/pkg/irr/irr.go:20.20,22.3 1 0
github.com/natesales/pathvector/pkg/irr/irr.go:29.16,31.3 1 1
github.com/natesales/pathvector/pkg/irr/irr.go:34.59,35.13 1 26
github.com/natesales/pathvector/pkg/irr/irr.go:38.3,38.35 1 21
github.com/natesales/pathvector/pkg/irr/irr.go:42.3,42.79 1 16
github.com/natesales/pathvector/pkg/irr/irr.go:35.13,36.12 1 5
github.com/natesales/pathvector/pkg/irr/irr.go:38.35,39.9 1 5
github.com/natesales/pathvector/pkg/irr/irr.go:49.102,52.20 2 2
github.com/natesales/pathvector/pkg/irr/irr.go:55.2,61.16 6 2
github.com/natesales/pathvector/pkg/irr/irr.go:65.2,66.51 2 1
github.com/natesales/pathvector/pkg/irr/irr.go:70.2,70.21 1 1
github.com/natesales/pathvector/pkg/irr/irr.go:52.20,54.3 1 0
github.com/natesales/pathvector/pkg/irr/irr.go:61.16,63.3 1 1
github.com/natesales/pathvector/pkg/irr/irr.go:66.51,68.3 1 0
github.com/natesales/pathvector/pkg/irr/irr.go:74.96,76.52 1 2
github.com/natesales/pathvector/pkg/irr/irr.go:81.2,82.33 2 1
github.com/natesales/pathvector/pkg/irr/irr.go:92.2,93.16 2 1
github.com/natesales/pathvector/pkg/irr/irr.go:96.2,96.32 1 1
github.com/natesales/pathvector/pkg/irr/irr.go:99.2,101.36 3 1
github.com/natesales/pathvector/pkg/irr/irr.go:105.2,106.16 2 1
github.com/natesales/pathvector/pkg/irr/irr.go:109.2,109.32 1 1
github.com/natesales/pathvector/pkg/irr/irr.go:112.2,114.36 3 1
github.com/natesales/pathvector/pkg/irr/irr.go:118.2,118.12 1 1
github.com/natesales/pathvector/pkg/irr/irr.go:76.52,78.3 1 1
github.com/natesales/pathvector/pkg/irr/irr.go:82.33,83.43 1 0
github.com/natesales/pathvector/pkg/irr/irr.go:83.43,84.32 1 0
github.com/natesales/pathvector/pkg/irr/irr.go:84.32,86.5 1 0
github.com/natesales/pathvector/pkg/irr/irr.go:86.10,86.39 1 0
github.com/natesales/pathvector/pkg/irr/irr.go:86.39,88.5 1 0
github.com/natesales/pathvector/pkg/irr/irr.go:93.16,95.3 1 0
github.com/natesales/pathvector/pkg/irr/irr.go:96.32,98.3 1 1
github.com/natesales/pathvector/pkg/irr/irr.go:101.36,103.3 1 0
github.com/natesales/pathvector/pkg/irr/irr.go:106.16,108.3 1 0
github.com/natesales/pathvector/pkg/irr/irr.go:109.32,111.3 1 1
github.com/natesales/pathvector/pkg/irr/irr.go:114.36,116.3 1 0
